<?xml version="1.0" encoding="UTF-8"?>
<testng-results skipped="0" failed="2" ignored="0" total="18" passed="16">
  <reporter-output>
  </reporter-output>
  <suite name="EcomWebapp Test Suite" duration-ms="75382" started-at="2021-12-01T11:55:03 UTC" finished-at="2021-12-01T11:56:18 UTC">
    <groups>
      <group name="ChromeOnly">
        <method signature="BrowserSpecificGroupTest.lauchChromeTest()[pri:0, instance:com.simplilearn.ecom.group.BrowserSpecificGroupTest@704d6e83]" name="lauchChromeTest" class="com.simplilearn.ecom.group.BrowserSpecificGroupTest"/>
        <method signature="BrowserSpecificGroupTest.closeChromeBrowser()[pri:3, instance:com.simplilearn.ecom.group.BrowserSpecificGroupTest@704d6e83]" name="closeChromeBrowser" class="com.simplilearn.ecom.group.BrowserSpecificGroupTest"/>
        <method signature="BrowserSpecificGroupTest.testAmazonHomepage()[pri:0, instance:com.simplilearn.ecom.group.BrowserSpecificGroupTest@704d6e83]" name="testAmazonHomepage" class="com.simplilearn.ecom.group.BrowserSpecificGroupTest"/>
        <method signature="BrowserSpecificGroupTest.testAmazonSearch()[pri:2, instance:com.simplilearn.ecom.group.BrowserSpecificGroupTest@704d6e83]" name="testAmazonSearch" class="com.simplilearn.ecom.group.BrowserSpecificGroupTest"/>
        <method signature="BrowserSpecificGroupTest.testHompageSourceUrl()[pri:1, instance:com.simplilearn.ecom.group.BrowserSpecificGroupTest@704d6e83]" name="testHompageSourceUrl" class="com.simplilearn.ecom.group.BrowserSpecificGroupTest"/>
      </group> <!-- ChromeOnly -->
      <group name="FirefoxOnly">
        <method signature="BrowserSpecificGroupTest.lauchFirefoxTest()[pri:0, instance:com.simplilearn.ecom.group.BrowserSpecificGroupTest@704d6e83]" name="lauchFirefoxTest" class="com.simplilearn.ecom.group.BrowserSpecificGroupTest"/>
        <method signature="BrowserSpecificGroupTest.closeFirefox()[pri:3, instance:com.simplilearn.ecom.group.BrowserSpecificGroupTest@704d6e83]" name="closeFirefox" class="com.simplilearn.ecom.group.BrowserSpecificGroupTest"/>
        <method signature="BrowserSpecificGroupTest.testFacebookFailureLogin()[pri:2, instance:com.simplilearn.ecom.group.BrowserSpecificGroupTest@704d6e83]" name="testFacebookFailureLogin" class="com.simplilearn.ecom.group.BrowserSpecificGroupTest"/>
        <method signature="BrowserSpecificGroupTest.testFacebookHomepage()[pri:1, instance:com.simplilearn.ecom.group.BrowserSpecificGroupTest@704d6e83]" name="testFacebookHomepage" class="com.simplilearn.ecom.group.BrowserSpecificGroupTest"/>
        <method signature="BrowserSpecificGroupTest.testFacebookTitle()[pri:0, instance:com.simplilearn.ecom.group.BrowserSpecificGroupTest@704d6e83]" name="testFacebookTitle" class="com.simplilearn.ecom.group.BrowserSpecificGroupTest"/>
      </group> <!-- FirefoxOnly -->
    </groups>
    <test name="Amazon Test" duration-ms="29374" started-at="2021-12-01T11:55:03 UTC" finished-at="2021-12-01T11:55:32 UTC">
      <class name="com.simplilearn.ecom.amazon.AmazonNavLinkTest">
        <test-method status="PASS" signature="beforeMethod()[pri:0, instance:com.simplilearn.ecom.amazon.AmazonNavLinkTest@2db7a79b]" name="beforeMethod" is-config="true" duration-ms="2498" started-at="2021-12-01T11:55:19 UTC" finished-at="2021-12-01T11:55:21 UTC">
          <reporter-output>
          </reporter-output>
        </test-method> <!-- beforeMethod -->
        <test-method status="PASS" signature="testAmazonBestsellerLink()[pri:0, instance:com.simplilearn.ecom.amazon.AmazonNavLinkTest@2db7a79b]" name="testAmazonBestsellerLink" duration-ms="2158" started-at="2021-12-01T11:55:21 UTC" finished-at="2021-12-01T11:55:23 UTC">
          <reporter-output>
          </reporter-output>
        </test-method> <!-- testAmazonBestsellerLink -->
        <test-method status="PASS" signature="afterMethod()[pri:0, instance:com.simplilearn.ecom.amazon.AmazonNavLinkTest@2db7a79b]" name="afterMethod" is-config="true" duration-ms="129" started-at="2021-12-01T11:55:23 UTC" finished-at="2021-12-01T11:55:23 UTC">
          <reporter-output>
          </reporter-output>
        </test-method> <!-- afterMethod -->
        <test-method status="PASS" signature="beforeMethod()[pri:0, instance:com.simplilearn.ecom.amazon.AmazonNavLinkTest@2db7a79b]" name="beforeMethod" is-config="true" duration-ms="2780" started-at="2021-12-01T11:55:23 UTC" finished-at="2021-12-01T11:55:26 UTC">
          <reporter-output>
          </reporter-output>
        </test-method> <!-- beforeMethod -->
        <test-method status="FAIL" signature="testAmazonElectronicLink()[pri:0, instance:com.simplilearn.ecom.amazon.AmazonNavLinkTest@2db7a79b]" name="testAmazonElectronicLink" duration-ms="1081" started-at="2021-12-01T11:55:26 UTC" finished-at="2021-12-01T11:55:27 UTC">
          <exception class="java.lang.AssertionError">
            <message>
              <![CDATA[expected [] but found [Electronics Store: Buy Electronics products Online at Best Prices in India at Amazon.in]]]>
            </message>
            <full-stacktrace>
              <![CDATA[java.lang.AssertionError: expected [] but found [Electronics Store: Buy Electronics products Online at Best Prices in India at Amazon.in]
at org.testng.Assert.fail(Assert.java:99)
at org.testng.Assert.failNotEquals(Assert.java:1037)
at org.testng.Assert.assertEqualsImpl(Assert.java:140)
at org.testng.Assert.assertEquals(Assert.java:122)
at org.testng.Assert.assertEquals(Assert.java:629)
at org.testng.Assert.assertEquals(Assert.java:639)
at com.simplilearn.ecom.amazon.AmazonNavLinkTest.testAmazonElectronicLink(AmazonNavLinkTest.java:65)
at sun.reflect.NativeMethodAccessorImpl.invoke0(Native Method)
at sun.reflect.NativeMethodAccessorImpl.invoke(NativeMethodAccessorImpl.java:62)
at sun.reflect.DelegatingMethodAccessorImpl.invoke(DelegatingMethodAccessorImpl.java:43)
at java.lang.reflect.Method.invoke(Method.java:498)
at org.testng.internal.MethodInvocationHelper.invokeMethod(MethodInvocationHelper.java:133)
at org.testng.internal.TestInvoker.invokeMethod(TestInvoker.java:598)
at org.testng.internal.TestInvoker.invokeTestMethod(TestInvoker.java:173)
at org.testng.internal.MethodRunner.runInSequence(MethodRunner.java:46)
at org.testng.internal.TestInvoker$MethodInvocationAgent.invoke(TestInvoker.java:824)
at org.testng.internal.TestInvoker.invokeTestMethods(TestInvoker.java:146)
at org.testng.internal.TestMethodWorker.invokeTestMethods(TestMethodWorker.java:146)
at org.testng.internal.TestMethodWorker.run(TestMethodWorker.java:128)
at java.util.ArrayList.forEach(ArrayList.java:1257)
at org.testng.TestRunner.privateRun(TestRunner.java:794)
at org.testng.TestRunner.run(TestRunner.java:596)
at org.testng.SuiteRunner.runTest(SuiteRunner.java:377)
at org.testng.SuiteRunner.runSequentially(SuiteRunner.java:371)
at org.testng.SuiteRunner.privateRun(SuiteRunner.java:332)
at org.testng.SuiteRunner.run(SuiteRunner.java:276)
at org.testng.SuiteRunnerWorker.runSuite(SuiteRunnerWorker.java:53)
at org.testng.SuiteRunnerWorker.run(SuiteRunnerWorker.java:96)
at org.testng.TestNG.runSuitesSequentially(TestNG.java:1212)
at org.testng.TestNG.runSuitesLocally(TestNG.java:1134)
at org.testng.TestNG.runSuites(TestNG.java:1063)
at org.testng.TestNG.run(TestNG.java:1031)
at org.testng.remote.AbstractRemoteTestNG.run(AbstractRemoteTestNG.java:115)
at org.testng.remote.RemoteTestNG.initAndRun(RemoteTestNG.java:251)
at org.testng.remote.RemoteTestNG.main(RemoteTestNG.java:77)
]]>
            </full-stacktrace>
          </exception> <!-- java.lang.AssertionError -->
          <reporter-output>
          </reporter-output>
        </test-method> <!-- testAmazonElectronicLink -->
        <test-method status="PASS" signature="afterMethod()[pri:0, instance:com.simplilearn.ecom.amazon.AmazonNavLinkTest@2db7a79b]" name="afterMethod" is-config="true" duration-ms="123" started-at="2021-12-01T11:55:27 UTC" finished-at="2021-12-01T11:55:27 UTC">
          <reporter-output>
          </reporter-output>
        </test-method> <!-- afterMethod -->
        <test-method status="PASS" signature="beforeMethod()[pri:0, instance:com.simplilearn.ecom.amazon.AmazonNavLinkTest@2db7a79b]" name="beforeMethod" is-config="true" duration-ms="2601" started-at="2021-12-01T11:55:27 UTC" finished-at="2021-12-01T11:55:30 UTC">
          <reporter-output>
          </reporter-output>
        </test-method> <!-- beforeMethod -->
        <test-method status="FAIL" signature="testAmazonMobileLink()[pri:0, instance:com.simplilearn.ecom.amazon.AmazonNavLinkTest@2db7a79b]" name="testAmazonMobileLink" duration-ms="1906" started-at="2021-12-01T11:55:30 UTC" finished-at="2021-12-01T11:55:32 UTC">
          <exception class="java.lang.AssertionError">
            <message>
              <![CDATA[expected [Gift Cards & Vouchers Online : Buy Gift Vouchers & E Gift Cards Online in India - Amazon.in] but found [Mobile Phones: Buy New Mobiles Online at Best Prices in India | Buy Cell Phones Online - Amazon.in]]]>
            </message>
            <full-stacktrace>
              <![CDATA[java.lang.AssertionError: expected [Gift Cards & Vouchers Online : Buy Gift Vouchers & E Gift Cards Online in India - Amazon.in] but found [Mobile Phones: Buy New Mobiles Online at Best Prices in India | Buy Cell Phones Online - Amazon.in]
at org.testng.Assert.fail(Assert.java:99)
at org.testng.Assert.failNotEquals(Assert.java:1037)
at org.testng.Assert.assertEqualsImpl(Assert.java:140)
at org.testng.Assert.assertEquals(Assert.java:122)
at org.testng.Assert.assertEquals(Assert.java:629)
at org.testng.Assert.assertEquals(Assert.java:639)
at com.simplilearn.ecom.amazon.AmazonNavLinkTest.testAmazonMobileLink(AmazonNavLinkTest.java:45)
at sun.reflect.NativeMethodAccessorImpl.invoke0(Native Method)
at sun.reflect.NativeMethodAccessorImpl.invoke(NativeMethodAccessorImpl.java:62)
at sun.reflect.DelegatingMethodAccessorImpl.invoke(DelegatingMethodAccessorImpl.java:43)
at java.lang.reflect.Method.invoke(Method.java:498)
at org.testng.internal.MethodInvocationHelper.invokeMethod(MethodInvocationHelper.java:133)
at org.testng.internal.TestInvoker.invokeMethod(TestInvoker.java:598)
at org.testng.internal.TestInvoker.invokeTestMethod(TestInvoker.java:173)
at org.testng.internal.MethodRunner.runInSequence(MethodRunner.java:46)
at org.testng.internal.TestInvoker$MethodInvocationAgent.invoke(TestInvoker.java:824)
at org.testng.internal.TestInvoker.invokeTestMethods(TestInvoker.java:146)
at org.testng.internal.TestMethodWorker.invokeTestMethods(TestMethodWorker.java:146)
at org.testng.internal.TestMethodWorker.run(TestMethodWorker.java:128)
at java.util.ArrayList.forEach(ArrayList.java:1257)
at org.testng.TestRunner.privateRun(TestRunner.java:794)
at org.testng.TestRunner.run(TestRunner.java:596)
at org.testng.SuiteRunner.runTest(SuiteRunner.java:377)
at org.testng.SuiteRunner.runSequentially(SuiteRunner.java:371)
at org.testng.SuiteRunner.privateRun(SuiteRunner.java:332)
at org.testng.SuiteRunner.run(SuiteRunner.java:276)
at org.testng.SuiteRunnerWorker.runSuite(SuiteRunnerWorker.java:53)
at org.testng.SuiteRunnerWorker.run(SuiteRunnerWorker.java:96)
at org.testng.TestNG.runSuitesSequentially(TestNG.java:1212)
at org.testng.TestNG.runSuitesLocally(TestNG.java:1134)
at org.testng.TestNG.runSuites(TestNG.java:1063)
at org.testng.TestNG.run(TestNG.java:1031)
at org.testng.remote.AbstractRemoteTestNG.run(AbstractRemoteTestNG.java:115)
at org.testng.remote.RemoteTestNG.initAndRun(RemoteTestNG.java:251)
at org.testng.remote.RemoteTestNG.main(RemoteTestNG.java:77)
]]>
            </full-stacktrace>
          </exception> <!-- java.lang.AssertionError -->
          <reporter-output>
          </reporter-output>
        </test-method> <!-- testAmazonMobileLink -->
        <test-method status="PASS" signature="afterMethod()[pri:0, instance:com.simplilearn.ecom.amazon.AmazonNavLinkTest@2db7a79b]" name="afterMethod" is-config="true" duration-ms="138" started-at="2021-12-01T11:55:32 UTC" finished-at="2021-12-01T11:55:32 UTC">
          <reporter-output>
          </reporter-output>
        </test-method> <!-- afterMethod -->
      </class> <!-- com.simplilearn.ecom.amazon.AmazonNavLinkTest -->
      <class name="com.simplilearn.ecom.amazon.AmazonHomepageTest">
        <test-method status="PASS" signature="beforeMethod()[pri:0, instance:com.simplilearn.ecom.amazon.AmazonHomepageTest@42d8062c]" name="beforeMethod" is-config="true" duration-ms="3952" started-at="2021-12-01T11:55:03 UTC" finished-at="2021-12-01T11:55:07 UTC">
          <reporter-output>
          </reporter-output>
        </test-method> <!-- beforeMethod -->
        <test-method status="PASS" signature="testAmazonHomepage()[pri:0, instance:com.simplilearn.ecom.amazon.AmazonHomepageTest@42d8062c]" name="testAmazonHomepage" duration-ms="222" started-at="2021-12-01T11:55:07 UTC" finished-at="2021-12-01T11:55:07 UTC">
          <reporter-output>
          </reporter-output>
        </test-method> <!-- testAmazonHomepage -->
        <test-method status="PASS" signature="afterMethod()[pri:0, instance:com.simplilearn.ecom.amazon.AmazonHomepageTest@42d8062c]" name="afterMethod" is-config="true" duration-ms="139" started-at="2021-12-01T11:55:07 UTC" finished-at="2021-12-01T11:55:07 UTC">
          <reporter-output>
          </reporter-output>
        </test-method> <!-- afterMethod -->
        <test-method status="PASS" signature="beforeMethod()[pri:0, instance:com.simplilearn.ecom.amazon.AmazonHomepageTest@42d8062c]" name="beforeMethod" is-config="true" duration-ms="2949" started-at="2021-12-01T11:55:07 UTC" finished-at="2021-12-01T11:55:10 UTC">
          <reporter-output>
          </reporter-output>
        </test-method> <!-- beforeMethod -->
        <test-method status="PASS" signature="testAmazonMobileLink()[pri:0, instance:com.simplilearn.ecom.amazon.AmazonHomepageTest@42d8062c]" name="testAmazonMobileLink" duration-ms="2472" started-at="2021-12-01T11:55:10 UTC" finished-at="2021-12-01T11:55:12 UTC">
          <reporter-output>
          </reporter-output>
        </test-method> <!-- testAmazonMobileLink -->
        <test-method status="PASS" signature="afterMethod()[pri:0, instance:com.simplilearn.ecom.amazon.AmazonHomepageTest@42d8062c]" name="afterMethod" is-config="true" duration-ms="187" started-at="2021-12-01T11:55:12 UTC" finished-at="2021-12-01T11:55:13 UTC">
          <reporter-output>
          </reporter-output>
        </test-method> <!-- afterMethod -->
        <test-method status="PASS" signature="beforeMethod()[pri:0, instance:com.simplilearn.ecom.amazon.AmazonHomepageTest@42d8062c]" name="beforeMethod" is-config="true" duration-ms="2991" started-at="2021-12-01T11:55:13 UTC" finished-at="2021-12-01T11:55:16 UTC">
          <reporter-output>
          </reporter-output>
        </test-method> <!-- beforeMethod -->
        <test-method status="PASS" signature="testAmazonSearch()[pri:0, instance:com.simplilearn.ecom.amazon.AmazonHomepageTest@42d8062c]" name="testAmazonSearch" duration-ms="2827" started-at="2021-12-01T11:55:16 UTC" finished-at="2021-12-01T11:55:18 UTC">
          <reporter-output>
          </reporter-output>
        </test-method> <!-- testAmazonSearch -->
        <test-method status="PASS" signature="afterMethod()[pri:0, instance:com.simplilearn.ecom.amazon.AmazonHomepageTest@42d8062c]" name="afterMethod" is-config="true" duration-ms="123" started-at="2021-12-01T11:55:18 UTC" finished-at="2021-12-01T11:55:19 UTC">
          <reporter-output>
          </reporter-output>
        </test-method> <!-- afterMethod -->
      </class> <!-- com.simplilearn.ecom.amazon.AmazonHomepageTest -->
    </test> <!-- Amazon Test -->
    <test name="Facebook Test" duration-ms="17741" started-at="2021-12-01T11:55:32 UTC" finished-at="2021-12-01T11:55:50 UTC">
      <class name="com.simplilearn.ecom.facebook.FacebookLoginTest">
        <test-method status="PASS" signature="beforeMethod()[pri:0, instance:com.simplilearn.ecom.facebook.FacebookLoginTest@6ec8211c]" name="beforeMethod" is-config="true" duration-ms="1606" started-at="2021-12-01T11:55:32 UTC" finished-at="2021-12-01T11:55:34 UTC">
          <reporter-output>
          </reporter-output>
        </test-method> <!-- beforeMethod -->
        <test-method status="PASS" signature="testFacebookFailureLogin()[pri:0, instance:com.simplilearn.ecom.facebook.FacebookLoginTest@6ec8211c]" name="testFacebookFailureLogin" duration-ms="14130" started-at="2021-12-01T11:55:34 UTC" finished-at="2021-12-01T11:55:48 UTC">
          <reporter-output>
          </reporter-output>
        </test-method> <!-- testFacebookFailureLogin -->
        <test-method status="PASS" signature="afterMethod()[pri:0, instance:com.simplilearn.ecom.facebook.FacebookLoginTest@6ec8211c]" name="afterMethod" is-config="true" duration-ms="119" started-at="2021-12-01T11:55:48 UTC" finished-at="2021-12-01T11:55:48 UTC">
          <reporter-output>
          </reporter-output>
        </test-method> <!-- afterMethod -->
        <test-method status="PASS" signature="beforeMethod()[pri:0, instance:com.simplilearn.ecom.facebook.FacebookLoginTest@6ec8211c]" name="beforeMethod" is-config="true" duration-ms="1655" started-at="2021-12-01T11:55:48 UTC" finished-at="2021-12-01T11:55:50 UTC">
          <reporter-output>
          </reporter-output>
        </test-method> <!-- beforeMethod -->
        <test-method status="PASS" signature="testFacebookHomepage()[pri:0, instance:com.simplilearn.ecom.facebook.FacebookLoginTest@6ec8211c]" name="testFacebookHomepage" duration-ms="116" started-at="2021-12-01T11:55:50 UTC" finished-at="2021-12-01T11:55:50 UTC">
          <reporter-output>
          </reporter-output>
        </test-method> <!-- testFacebookHomepage -->
        <test-method status="PASS" signature="afterMethod()[pri:0, instance:com.simplilearn.ecom.facebook.FacebookLoginTest@6ec8211c]" name="afterMethod" is-config="true" duration-ms="110" started-at="2021-12-01T11:55:50 UTC" finished-at="2021-12-01T11:55:50 UTC">
          <reporter-output>
          </reporter-output>
        </test-method> <!-- afterMethod -->
      </class> <!-- com.simplilearn.ecom.facebook.FacebookLoginTest -->
    </test> <!-- Facebook Test -->
    <test name="Group Test" duration-ms="28225" started-at="2021-12-01T11:55:50 UTC" finished-at="2021-12-01T11:56:18 UTC">
      <class name="com.simplilearn.ecom.group.BrowserSpecificGroupTest">
        <test-method status="PASS" signature="lauchChromeTest()[pri:0, instance:com.simplilearn.ecom.group.BrowserSpecificGroupTest@704d6e83]" name="lauchChromeTest" duration-ms="2558" started-at="2021-12-01T11:55:50 UTC" finished-at="2021-12-01T11:55:52 UTC">
          <reporter-output>
          </reporter-output>
        </test-method> <!-- lauchChromeTest -->
        <test-method status="PASS" signature="lauchFirefoxTest()[pri:0, instance:com.simplilearn.ecom.group.BrowserSpecificGroupTest@704d6e83]" name="lauchFirefoxTest" duration-ms="5068" started-at="2021-12-01T11:55:52 UTC" finished-at="2021-12-01T11:55:57 UTC">
          <reporter-output>
          </reporter-output>
        </test-method> <!-- lauchFirefoxTest -->
        <test-method status="PASS" signature="testAmazonHomepage()[pri:0, instance:com.simplilearn.ecom.group.BrowserSpecificGroupTest@704d6e83]" name="testAmazonHomepage" duration-ms="18" started-at="2021-12-01T11:55:57 UTC" depends-on-methods="com.simplilearn.ecom.group.BrowserSpecificGroupTest.lauchChromeTest" finished-at="2021-12-01T11:55:57 UTC">
          <reporter-output>
          </reporter-output>
        </test-method> <!-- testAmazonHomepage -->
        <test-method status="PASS" signature="testFacebookTitle()[pri:0, instance:com.simplilearn.ecom.group.BrowserSpecificGroupTest@704d6e83]" name="testFacebookTitle" duration-ms="43" started-at="2021-12-01T11:55:57 UTC" depends-on-methods="com.simplilearn.ecom.group.BrowserSpecificGroupTest.lauchFirefoxTest" finished-at="2021-12-01T11:55:57 UTC">
          <reporter-output>
          </reporter-output>
        </test-method> <!-- testFacebookTitle -->
        <test-method status="PASS" signature="testFacebookHomepage()[pri:1, instance:com.simplilearn.ecom.group.BrowserSpecificGroupTest@704d6e83]" name="testFacebookHomepage" duration-ms="122" started-at="2021-12-01T11:55:57 UTC" depends-on-methods="com.simplilearn.ecom.group.BrowserSpecificGroupTest.lauchFirefoxTest" finished-at="2021-12-01T11:55:58 UTC">
          <reporter-output>
          </reporter-output>
        </test-method> <!-- testFacebookHomepage -->
        <test-method status="PASS" signature="testHompageSourceUrl()[pri:1, instance:com.simplilearn.ecom.group.BrowserSpecificGroupTest@704d6e83]" name="testHompageSourceUrl" duration-ms="8" started-at="2021-12-01T11:55:58 UTC" depends-on-methods="com.simplilearn.ecom.group.BrowserSpecificGroupTest.lauchChromeTest" finished-at="2021-12-01T11:55:58 UTC">
          <reporter-output>
          </reporter-output>
        </test-method> <!-- testHompageSourceUrl -->
        <test-method status="PASS" signature="testAmazonSearch()[pri:2, instance:com.simplilearn.ecom.group.BrowserSpecificGroupTest@704d6e83]" name="testAmazonSearch" duration-ms="4010" started-at="2021-12-01T11:55:58 UTC" depends-on-methods="com.simplilearn.ecom.group.BrowserSpecificGroupTest.lauchChromeTest" finished-at="2021-12-01T11:56:02 UTC">
          <reporter-output>
          </reporter-output>
        </test-method> <!-- testAmazonSearch -->
        <test-method status="PASS" signature="testFacebookFailureLogin()[pri:2, instance:com.simplilearn.ecom.group.BrowserSpecificGroupTest@704d6e83]" name="testFacebookFailureLogin" duration-ms="14660" started-at="2021-12-01T11:56:02 UTC" depends-on-methods="com.simplilearn.ecom.group.BrowserSpecificGroupTest.lauchFirefoxTest" finished-at="2021-12-01T11:56:16 UTC">
          <reporter-output>
          </reporter-output>
        </test-method> <!-- testFacebookFailureLogin -->
        <test-method status="PASS" signature="closeChromeBrowser()[pri:3, instance:com.simplilearn.ecom.group.BrowserSpecificGroupTest@704d6e83]" name="closeChromeBrowser" duration-ms="137" started-at="2021-12-01T11:56:16 UTC" depends-on-methods="com.simplilearn.ecom.group.BrowserSpecificGroupTest.lauchChromeTest" finished-at="2021-12-01T11:56:16 UTC">
          <reporter-output>
          </reporter-output>
        </test-method> <!-- closeChromeBrowser -->
        <test-method status="PASS" signature="closeFirefox()[pri:3, instance:com.simplilearn.ecom.group.BrowserSpecificGroupTest@704d6e83]" name="closeFirefox" duration-ms="1577" started-at="2021-12-01T11:56:16 UTC" depends-on-methods="com.simplilearn.ecom.group.BrowserSpecificGroupTest.lauchFirefoxTest" finished-at="2021-12-01T11:56:18 UTC">
          <reporter-output>
          </reporter-output>
        </test-method> <!-- closeFirefox -->
      </class> <!-- com.simplilearn.ecom.group.BrowserSpecificGroupTest -->
    </test> <!-- Group Test -->
  </suite> <!-- EcomWebapp Test Suite -->
</testng-results>
